<?xml version="1.0" encoding="UTF-8"?>
<!-- Generated by org.testng.reporters.JUnitXMLReporter -->
<testsuite hostname="DESKTOP-UNPT6K2" ignored="2" name="Checkout" tests="1" failures="1" timestamp="09 Feb 2020 18:21:50 GMT" time="13.942" errors="0">
  <testcase name="allpricesTest" time="13.876" classname="com.cashify.qa.testcases.CheckoutPageTest">
    <failure type="java.lang.AssertionError" message="Total Cart Price is not same after Cashify Promocode expected [22.5] but found [null]">
      <![CDATA[java.lang.AssertionError: Total Cart Price is not same after Cashify Promocode expected [22.5] but found [null]
at com.cashify.qa.pages.CheckoutPage.applyPromocode(CheckoutPage.java:175)
at com.cashify.qa.testcases.CheckoutPageTest.allpricesTest(CheckoutPageTest.java:50)
at java.util.concurrent.ThreadPoolExecutor.runWorker(Unknown Source)
at java.util.concurrent.ThreadPoolExecutor$Worker.run(Unknown Source)
at java.lang.Thread.run(Unknown Source)
... Removed 14 stack frames]]>
    </failure>
  </testcase> <!-- allpricesTest -->
  <testcase name="totalcartvalueTest" time="0.0" classname="com.cashify.qa.testcases.CheckoutPageTest">
    <ignored/>
  </testcase> <!-- totalcartvalueTest -->
  <testcase name="setup" time="0.0" classname="com.cashify.qa.testcases.CheckoutPageTest">
    <ignored/>
  </testcase> <!-- setup -->
</testsuite> <!-- Checkout -->
