<?xml version="1.0" encoding="UTF-8"?>
<!-- Generated by org.testng.reporters.JUnitReportReporter -->
<testsuite skipped="2" hostname="DESKTOP-UNPT6K2" name="com.cashify.qa.testcases.CheckoutPageTest" tests="3" failures="1" timestamp="09 Feb 2020 18:21:50 GMT" time="13.876" errors="0">
  <testcase name="allpricesTest" time="13.876" classname="com.cashify.qa.testcases.CheckoutPageTest">
    <failure type="java.lang.AssertionError" message="Total Cart Price is not same after Cashify Promocode expected [22.5] but found [null]">
      <![CDATA[java.lang.AssertionError: Total Cart Price is not same after Cashify Promocode expected [22.5] but found [null]
at org.testng.Assert.fail(Assert.java:96)
at org.testng.Assert.failNotEquals(Assert.java:776)
at org.testng.Assert.assertEqualsImpl(Assert.java:132)
at org.testng.Assert.assertEquals(Assert.java:118)
at com.cashify.qa.pages.CheckoutPage.applyPromocode(CheckoutPage.java:175)
at com.cashify.qa.testcases.CheckoutPageTest.allpricesTest(CheckoutPageTest.java:50)
at sun.reflect.NativeMethodAccessorImpl.invoke0(Native Method)
at sun.reflect.NativeMethodAccessorImpl.invoke(Unknown Source)
at sun.reflect.DelegatingMethodAccessorImpl.invoke(Unknown Source)
at java.lang.reflect.Method.invoke(Unknown Source)
at org.testng.internal.MethodInvocationHelper.invokeMethod(MethodInvocationHelper.java:124)
at org.testng.internal.Invoker.invokeMethod(Invoker.java:580)
at org.testng.internal.Invoker.invokeTestMethod(Invoker.java:716)
at org.testng.internal.Invoker.invokeTestMethods(Invoker.java:988)
at org.testng.internal.TestMethodWorker.invokeTestMethods(TestMethodWorker.java:125)
at org.testng.internal.TestMethodWorker.run(TestMethodWorker.java:109)
at java.util.concurrent.ThreadPoolExecutor.runWorker(Unknown Source)
at java.util.concurrent.ThreadPoolExecutor$Worker.run(Unknown Source)
at java.lang.Thread.run(Unknown Source)
]]>
    </failure>
  </testcase> <!-- allpricesTest -->
  <testcase name="totalcartvalueTest" classname="com.cashify.qa.testcases.CheckoutPageTest">
    <skipped/>
  </testcase> <!-- totalcartvalueTest -->
  <testcase name="setup" classname="com.cashify.qa.testcases.CheckoutPageTest">
    <skipped/>
  </testcase> <!-- setup -->
</testsuite> <!-- com.cashify.qa.testcases.CheckoutPageTest -->
